This is pdfTeX, Version 3.14159265-2.6-1.40.21 (MiKTeX 20.10) (preloaded format=pdflatex 2020.10.16)  4 SEP 2021 17:18
entering extended mode
**./main.tex
(main.tex
LaTeX2e <2020-10-01> patch level 1
L3 programming layer <2020-10-05> xparse <2020-03-03>
("E:\Program Files\MiKTeX\tex/latex/nag\nag.sty"
Package: nag 2011/11/25 0.7 warning about old commands (ulmi)
\c@nag@c=\count175
\c@nag@sins=\count176
Package nag Info: Loaded nag-l2tabu.cfg  on input line 552.

("E:\Program Files\MiKTeX\tex/latex/nag\nag-l2tabu.cfg"
File: nag-l2tabu.cfg 2010/05/17 v2.11 l2tabu rules for nag.sty (ulmi)
)
Package nag Info: Loaded nag-orthodox.cfg  on input line 552.

("E:\Program Files\MiKTeX\tex/latex/nag\nag-orthodox.cfg"
File: nag-orthodox.cfg 2006/04/19 v1.8 strict rules for nag.sty (ulmi)
))
("E:\Program Files\MiKTeX\tex/latex/koma-script\scrbook.cls"
Document Class: scrbook 2020/09/21 v3.32 KOMA-Script document class (book)
("E:\Program Files\MiKTeX\tex/latex/koma-script\scrkbase.sty"
Package: scrkbase 2020/09/21 v3.32 KOMA-Script package (KOMA-Script-dependent b
asics and keyval usage)

("E:\Program Files\MiKTeX\tex/latex/koma-script\scrbase.sty"
Package: scrbase 2020/09/21 v3.32 KOMA-Script package (KOMA-Script-independent 
basics and keyval usage)

("E:\Program Files\MiKTeX\tex/latex/koma-script\scrlfile.sty"
Package: scrlfile 2020/09/21 v3.32 KOMA-Script package (file load hooks)

("E:\Program Files\MiKTeX\tex/latex/koma-script\scrlfile-hook.sty"
Package: scrlfile-hook 2020/09/21 v3.32 KOMA-Script package (using LaTeX hooks)


LaTeX3 Info: Defining command \BeforeFile with sig. 'm' on line 61.


LaTeX3 Info: Defining command \AfterFile with sig. 'm' on line 65.


LaTeX3 Info: Defining command \BeforeClass with sig. 'm' on line 69.


LaTeX3 Info: Defining command \BeforePackage with sig. 'm' on line 73.


LaTeX3 Info: Defining command \AfterAtEndOfClass with sig. 'smo+m' on line 83.


LaTeX3 Info: Defining command \AfterAtEndOfPackage with sig. 'smo+m' on line
(LaTeX3)     93.


LaTeX3 Info: Defining command \scrlfile@AfterClass with sig. 'smo+m' on line
(LaTeX3)     173.


LaTeX3 Info: Defining command \AfterClass with sig. '' on line 174.


LaTeX3 Info: Defining command \scrlfile@AfterPackage with sig. 'smo+m' on line
(LaTeX3)     191.


LaTeX3 Info: Defining command \AfterPackage with sig. '' on line 192.


LaTeX3 Info: Defining command \ReplaceInput with sig. '' on line 193.


LaTeX3 Info: Defining command \ReplaceClass with sig. 'mm' on line 196.


LaTeX3 Info: Defining command \ReplacePackage with sig. 'mm' on line 199.


LaTeX3 Info: Defining command \UnReplaceInput with sig. '' on line 200.


LaTeX3 Info: Defining command \UnReplaceClass with sig. 'm' on line 203.


LaTeX3 Info: Defining command \UnReplacePackage with sig. 'mm' on line 206.


LaTeX3 Info: Defining command \PreventPackageFromLoading with sig. 's+om' on
(LaTeX3)     line 234.


LaTeX3 Info: Defining command \StorePreventPackageFromLoading with sig. 'm' on
(LaTeX3)     line 242.


LaTeX3 Info: Defining command \ResetPreventPackageFromLoading with sig. '' on
(LaTeX3)     line 247.


LaTeX3 Info: Defining command \UnPreventPackageFromLoading with sig. 'sm' on
(LaTeX3)     line 261.


LaTeX3 Info: Defining command \BeforeClosingMainAux with sig. 'om' on line
(LaTeX3)     274.


LaTeX3 Info: Defining command \AfterReadingMainAux with sig. 'om' on line 287.


LaTeX3 Info: Defining command \protected@immediate@write with sig. 'm+m+m' on
(LaTeX3)     line 298.


("E:\Program Files\MiKTeX\tex/latex/koma-script\scrlogo.sty"
Package: scrlogo 2020/09/21 v3.32 KOMA-Script package (logo)
)))
("E:\Program Files\MiKTeX\tex/latex/graphics\keyval.sty"
Package: keyval 2014/10/28 v1.15 key=value parser (DPC)
\KV@toks@=\toks15
)))
("E:\Program Files\MiKTeX\tex/latex/koma-script\tocbasic.sty"
Package: tocbasic 2020/09/21 v3.32 KOMA-Script package (handling toc-files)
\scr@dte@tocline@numberwidth=\skip47
\scr@dte@tocline@numbox=\box47
)
Package tocbasic Info: babel extension for `toc' omitted
(tocbasic)             because of missing \bbl@set@language on input line 137.
Class scrbook Info: You've used standard option `oneside'.
(scrbook)           This is correct!
(scrbook)           Internally I'm using `twoside=false'.
(scrbook)           If you'd like to set the option with \KOMAoptions,
(scrbook)           you'd have to use `twoside=false' there
(scrbook)           instead of `oneside', too.
Class scrbook Info: File `scrsize11pt.clo' used to setup font sizes on input li
ne 2437.

("E:\Program Files\MiKTeX\tex/latex/koma-script\scrsize11pt.clo"
File: scrsize11pt.clo 2020/09/21 v3.32 KOMA-Script font size class option (11pt
)
)
("E:\Program Files\MiKTeX\tex/latex/koma-script\typearea.sty"
Package: typearea 2020/09/21 v3.32 KOMA-Script package (type area)
\ta@bcor=\skip48
\ta@div=\count177
Package typearea Info: You've used standard option `oneside'.
(typearea)             This is correct!
(typearea)             Internally I'm using `twoside=false'.
(typearea)             If you'd like to set the option with \KOMAoptions,
(typearea)             you'd have to use `twoside=false' there
(typearea)             instead of `oneside', too.
\ta@hblk=\skip49
\ta@vblk=\skip50
\ta@temp=\skip51
\footheight=\skip52
Package typearea Info: These are the values describing the layout:
(typearea)             DIV  = 10
(typearea)             BCOR = 0.0pt
(typearea)             \paperwidth      = 597.50793pt
(typearea)              \textwidth      = 418.25555pt
(typearea)              DIV departure   = -6%
(typearea)              \evensidemargin = 17.3562pt
(typearea)              \oddsidemargin  = 17.3562pt
(typearea)             \paperheight     = 845.04694pt
(typearea)              \textheight     = 555.00024pt
(typearea)              \topmargin      = 12.2347pt
(typearea)              \headheight     = 17.0pt
(typearea)              \headsep        = 20.40001pt
(typearea)              \topskip        = 11.0pt
(typearea)              \footskip       = 47.6pt
(typearea)              \baselineskip   = 13.6pt
(typearea)              on input line 1740.
)
\c@part=\count178
\c@chapter=\count179
\c@section=\count180
\c@subsection=\count181
\c@subsubsection=\count182
\c@paragraph=\count183
\c@subparagraph=\count184
\scr@dte@chapter@maxnumwidth=\skip53
Class scrbook Info: using compatibility default `afterindent=bysign'
(scrbook)           for `\chapter on input line 5625.
\scr@dte@section@maxnumwidth=\skip54
Class scrbook Info: using compatibility default `runin=bysign'
(scrbook)           for `\section on input line 5636.
Class scrbook Info: using compatibility default `afterindent=bysign'
(scrbook)           for `\section on input line 5636.
\scr@dte@part@maxnumwidth=\skip55
Class scrbook Info: using compatibility default `afterindent=true'
(scrbook)           for `\part on input line 5645.
\scr@dte@subsection@maxnumwidth=\skip56
Class scrbook Info: using compatibility default `runin=bysign'
(scrbook)           for `\subsection on input line 5655.
Class scrbook Info: using compatibility default `afterindent=bysign'
(scrbook)           for `\subsection on input line 5655.
\scr@dte@subsubsection@maxnumwidth=\skip57
Class scrbook Info: using compatibility default `runin=bysign'
(scrbook)           for `\subsubsection on input line 5665.
Class scrbook Info: using compatibility default `afterindent=bysign'
(scrbook)           for `\subsubsection on input line 5665.
\scr@dte@paragraph@maxnumwidth=\skip58
Class scrbook Info: using compatibility default `runin=bysign'
(scrbook)           for `\paragraph on input line 5676.
Class scrbook Info: using compatibility default `afterindent=bysign'
(scrbook)           for `\paragraph on input line 5676.
\scr@dte@subparagraph@maxnumwidth=\skip59
Class scrbook Info: using compatibility default `runin=bysign'
(scrbook)           for `\subparagraph on input line 5686.
Class scrbook Info: using compatibility default `afterindent=bysign'
(scrbook)           for `\subparagraph on input line 5686.
\abovecaptionskip=\skip60
\belowcaptionskip=\skip61
\c@pti@nb@sid@b@x=\box48
Package tocbasic Info: babel extension for `lof' omitted
(tocbasic)             because of missing \bbl@set@language on input line 6929.

\scr@dte@figure@maxnumwidth=\skip62
\c@figure=\count185
Package tocbasic Info: babel extension for `lot' omitted
(tocbasic)             because of missing \bbl@set@language on input line 6950.

\scr@dte@table@maxnumwidth=\skip63
\c@table=\count186
Class scrbook Info: Redefining `\numberline' on input line 7123.
\bibindent=\dimen138
)
(settings/packages.tex ("E:\Program Files\MiKTeX\tex/latex/base\inputenc.sty"
Package: inputenc 2020/08/01 v1.3d Input encoding file
\inpenc@prehook=\toks16
\inpenc@posthook=\toks17
)
("E:\Program Files\MiKTeX\tex/latex/base\fontenc.sty"
Package: fontenc 2020/08/10 v2.0s Standard LaTeX package
)
("E:\Program Files\MiKTeX\tex/latex/psnfss\mathpazo.sty"
Package: mathpazo 2020/03/25 PSNFSS-v9.3 Palatino w/ Pazo Math (D.Puga, WaS) 
\symupright=\mathgroup4
)
("E:\Program Files\MiKTeX\tex/generic/babel\babel.sty"
Package: babel 2020/10/06 3.50 The Babel package

("E:\Program Files\MiKTeX\tex/generic/babel\babel.def"
File: babel.def 2020/10/06 3.50 Babel common definitions
\babel@savecnt=\count187
\U@D=\dimen139
\l@babelnohyphens=\language79

("E:\Program Files\MiKTeX\tex/generic/babel\txtbabel.def")
\bbl@readstream=\read2
)
\bbl@dirlevel=\count188

*************************************
* Local config file bblopts.cfg used
*
("E:\Program Files\MiKTeX\tex/latex/arabi\bblopts.cfg"
File: bblopts.cfg 2005/09/08 v0.1 add Arabic and Farsi to "declared" options of
 babel
)
("E:\Program Files\MiKTeX\tex/latex/babel-english\american.ldf"
Language: american 2017/06/06 v3.3r English support from the babel system

("E:\Program Files\MiKTeX\tex/latex/babel-english\english.ldf"
Language: english 2017/06/06 v3.3r English support from the babel system
Package babel Info: \l@canadian = using hyphenrules for english
(babel)             (\language0) on input line 102.
Package babel Info: \l@australian = using hyphenrules for ukenglish
(babel)             (\language73) on input line 105.
Package babel Info: \l@newzealand = using hyphenrules for ukenglish
(babel)             (\language73) on input line 108.
)))
("E:\Program Files\MiKTeX\tex/latex/csquotes\csquotes.sty"
Package: csquotes 2019-12-06 v5.2j context-sensitive quotations (JAW)

("E:\Program Files\MiKTeX\tex/latex/etoolbox\etoolbox.sty"
Package: etoolbox 2020/10/05 v2.5k e-TeX tools for LaTeX (JAW)
\etb@tempcnta=\count189
)
\csq@reset=\count190
\csq@gtype=\count191
\csq@glevel=\count192
\csq@qlevel=\count193
\csq@maxlvl=\count194
\csq@tshold=\count195
\csq@ltx@everypar=\toks18

("E:\Program Files\MiKTeX\tex/latex/csquotes\csquotes.def"
File: csquotes.def 2019-12-06 v5.2j csquotes generic definitions (JAW)
)
Package csquotes Info: Trying to load configuration file 'csquotes.cfg'...
Package csquotes Info: ... configuration file loaded successfully.

("E:\Program Files\MiKTeX\tex/latex/csquotes\csquotes.cfg"
File: csquotes.cfg 
)
Package csquotes Info: Enabling multilingual quotes.
)
("E:\Program Files\MiKTeX\tex/latex/biblatex\biblatex.sty"
Package: biblatex 2020/08/23 v3.15a programmable bibliographies (PK/MW)

("E:\Program Files\MiKTeX\tex/generic/pdftexcmds\pdftexcmds.sty"
Package: pdftexcmds 2020-06-27 v0.33 Utility functions of pdfTeX for LuaTeX (HO
)

("E:\Program Files\MiKTeX\tex/generic/infwarerr\infwarerr.sty"
Package: infwarerr 2019/12/03 v1.5 Providing info/warning/error messages (HO)
)
("E:\Program Files\MiKTeX\tex/generic/iftex\iftex.sty"
Package: iftex 2020/03/06 v1.0d TeX engine tests
)
("E:\Program Files\MiKTeX\tex/generic/ltxcmds\ltxcmds.sty"
Package: ltxcmds 2020-05-10 v1.25 LaTeX kernel commands for general use (HO)
)
Package pdftexcmds Info: \pdf@primitive is available.
Package pdftexcmds Info: \pdf@ifprimitive is available.
Package pdftexcmds Info: \pdfdraftmode found.
)
("E:\Program Files\MiKTeX\tex/latex/kvoptions\kvoptions.sty"
Package: kvoptions 2019/11/29 v3.13 Key value format for package options (HO)

("E:\Program Files\MiKTeX\tex/generic/kvsetkeys\kvsetkeys.sty"
Package: kvsetkeys 2019/12/15 v1.18 Key value parser (HO)
))
("E:\Program Files\MiKTeX\tex/latex/logreq\logreq.sty"
Package: logreq 2010/08/04 v1.0 xml request logger
\lrq@indent=\count196

("E:\Program Files\MiKTeX\tex/latex/logreq\logreq.def"
File: logreq.def 2010/08/04 v1.0 logreq spec v1.0
))
("E:\Program Files\MiKTeX\tex/latex/base\ifthen.sty"
Package: ifthen 2014/09/29 v1.1c Standard LaTeX ifthen package (DPC)
)
("E:\Program Files\MiKTeX\tex/latex/url\url.sty"
\Urlmuskip=\muskip16
Package: url 2013/09/16  ver 3.4  Verb mode for urls, etc.
)
\c@tabx@nest=\count197
\c@listtotal=\count198
\c@listcount=\count199
\c@liststart=\count266
\c@liststop=\count267
\c@citecount=\count268
\c@citetotal=\count269
\c@multicitecount=\count270
\c@multicitetotal=\count271
\c@instcount=\count272
\c@maxnames=\count273
\c@minnames=\count274
\c@maxitems=\count275
\c@minitems=\count276
\c@citecounter=\count277
\c@maxcitecounter=\count278
\c@savedcitecounter=\count279
\c@uniquelist=\count280
\c@uniquename=\count281
\c@refsection=\count282
\c@refsegment=\count283
\c@maxextratitle=\count284
\c@maxextratitleyear=\count285
\c@maxextraname=\count286
\c@maxextradate=\count287
\c@maxextraalpha=\count288
\c@abbrvpenalty=\count289
\c@highnamepenalty=\count290
\c@lownamepenalty=\count291
\c@maxparens=\count292
\c@parenlevel=\count293
\blx@tempcnta=\count294
\blx@tempcntb=\count295
\blx@tempcntc=\count296
\blx@maxsection=\count297
\blx@maxsegment@0=\count298
\blx@notetype=\count299
\blx@parenlevel@text=\count300
\blx@parenlevel@foot=\count301
\blx@sectionciteorder@0=\count302
\blx@entrysetcounter=\count303
\blx@biblioinstance=\count304
\labelnumberwidth=\skip64
\labelalphawidth=\skip65
\biblabelsep=\skip66
\bibitemsep=\skip67
\bibnamesep=\skip68
\bibinitsep=\skip69
\bibparsep=\skip70
\bibhang=\skip71
\blx@bcfin=\read3
\blx@bcfout=\write3
\blx@langwohyphens=\language80
\c@mincomprange=\count305
\c@maxcomprange=\count306
\c@mincompwidth=\count307
Package biblatex Info: Trying to load biblatex default data model...
Package biblatex Info: ... file 'blx-dm.def' found.

("E:\Program Files\MiKTeX\tex/latex/biblatex\blx-dm.def"
File: blx-dm.def 2020/08/23 v3.15a biblatex localization (PK/MW)
)
Package biblatex Info: Trying to load biblatex style data model...
Package biblatex Info: ... file 'numeric.dbx' not found.
Package biblatex Info: Trying to load biblatex custom data model...
Package biblatex Info: ... file 'biblatex-dm.cfg' not found.
\c@afterword=\count308
\c@savedafterword=\count309
\c@annotator=\count310
\c@savedannotator=\count311
\c@author=\count312
\c@savedauthor=\count313
\c@bookauthor=\count314
\c@savedbookauthor=\count315
\c@commentator=\count316
\c@savedcommentator=\count317
\c@editor=\count318
\c@savededitor=\count319
\c@editora=\count320
\c@savededitora=\count321
\c@editorb=\count322
\c@savededitorb=\count323
\c@editorc=\count324
\c@savededitorc=\count325
\c@foreword=\count326
\c@savedforeword=\count327
\c@holder=\count328
\c@savedholder=\count329
\c@introduction=\count330
\c@savedintroduction=\count331
\c@namea=\count332
\c@savednamea=\count333
\c@nameb=\count334
\c@savednameb=\count335
\c@namec=\count336
\c@savednamec=\count337
\c@translator=\count338
\c@savedtranslator=\count339
\c@shortauthor=\count340
\c@savedshortauthor=\count341
\c@shorteditor=\count342
\c@savedshorteditor=\count343
\c@labelname=\count344
\c@savedlabelname=\count345
\c@institution=\count346
\c@savedinstitution=\count347
\c@lista=\count348
\c@savedlista=\count349
\c@listb=\count350
\c@savedlistb=\count351
\c@listc=\count352
\c@savedlistc=\count353
\c@listd=\count354
\c@savedlistd=\count355
\c@liste=\count356
\c@savedliste=\count357
\c@listf=\count358
\c@savedlistf=\count359
\c@location=\count360
\c@savedlocation=\count361
\c@organization=\count362
\c@savedorganization=\count363
\c@origlocation=\count364
\c@savedoriglocation=\count365
\c@origpublisher=\count366
\c@savedorigpublisher=\count367
\c@publisher=\count368
\c@savedpublisher=\count369
\c@language=\count370
\c@savedlanguage=\count371
\c@origlanguage=\count372
\c@savedoriglanguage=\count373
\c@pageref=\count374
\c@savedpageref=\count375
\shorthandwidth=\skip72
\shortjournalwidth=\skip73
\shortserieswidth=\skip74
\shorttitlewidth=\skip75
\shortauthorwidth=\skip76
\shorteditorwidth=\skip77
\locallabelnumberwidth=\skip78
\locallabelalphawidth=\skip79
\localshorthandwidth=\skip80
\localshortjournalwidth=\skip81
\localshortserieswidth=\skip82
\localshorttitlewidth=\skip83
\localshortauthorwidth=\skip84
\localshorteditorwidth=\skip85
Package biblatex Info: Trying to load compatibility code...
Package biblatex Info: ... file 'blx-compat.def' found.

("E:\Program Files\MiKTeX\tex/latex/biblatex\blx-compat.def"
File: blx-compat.def 2020/08/23 v3.15a biblatex compatibility (PK/MW)
)
("E:\Program Files\MiKTeX\tex/latex/l3kernel\expl3.sty"
Package: expl3 2020-10-05 L3 programming layer (loader) 

("E:\Program Files\MiKTeX\tex/latex/l3backend\l3backend-pdftex.def"
File: l3backend-pdftex.def 2020-09-24 L3 backend support: PDF output (pdfTeX)
\l__kernel_color_stack_int=\count376
\l__pdf_internal_box=\box49
))
Package biblatex Info: expl3
(biblatex)             2020-10-05 L3 programming layer (loader) 
(biblatex)             is new enough (at least 2020/04/06),
(biblatex)             setting 'casechanger=expl3'.
Package biblatex Info: Trying to load expl3 case changing code...
Package biblatex Info: ... file 'blx-case-expl3.def' found.

("E:\Program Files\MiKTeX\tex/latex/biblatex\blx-case-expl3.def"
("E:\Program Files\MiKTeX\tex/latex/l3packages/xparse\xparse.sty"
Package: xparse 2020-10-05 L3 Experimental document command parser

("E:\Program Files\MiKTeX\tex/latex/l3packages/xparse\xparse-generic.tex"))
File: blx-case-expl3 2020/08/23 v3.15a expl3 case changing code for biblatex
)
Package biblatex Info: Trying to load BibTeX backend compatibility...
Package biblatex Info: ... file 'blx-bibtex.def' found.

("E:\Program Files\MiKTeX\tex/latex/biblatex\blx-bibtex.def"
File: blx-bibtex.def 2020/08/23 v3.15a biblatex compatibility (PK/MW)


Package biblatex Warning: Using fall-back BibTeX(8) backend:
(biblatex)                functionality may be reduced/unavailable.

)
Package biblatex Info: Trying to load generic definitions...
Package biblatex Info: ... file 'biblatex.def' found.
 ("E:\Program Files\MiKTeX\tex/latex/biblatex\biblatex.def"
File: biblatex.def 2020/08/23 v3.15a biblatex compatibility (PK/MW)
\c@textcitecount=\count377
\c@textcitetotal=\count378
\c@textcitemaxnames=\count379
\c@biburlbigbreakpenalty=\count380
\c@biburlbreakpenalty=\count381
\c@biburlnumpenalty=\count382
\c@biburlucpenalty=\count383
\c@biburllcpenalty=\count384
\biburlbigskip=\muskip17
\biburlnumskip=\muskip18
\biburlucskip=\muskip19
\biburllcskip=\muskip20
\c@smartand=\count385
)
Package biblatex Info: Trying to load bibliography style 'numeric'...
Package biblatex Info: ... file 'numeric.bbx' found.

("E:\Program Files\MiKTeX\tex/latex/biblatex/bbx\numeric.bbx"
File: numeric.bbx 2020/08/23 v3.15a biblatex bibliography style (PK/MW)
Package biblatex Info: Trying to load bibliography style 'standard'...
Package biblatex Info: ... file 'standard.bbx' found.

("E:\Program Files\MiKTeX\tex/latex/biblatex/bbx\standard.bbx"
File: standard.bbx 2020/08/23 v3.15a biblatex bibliography style (PK/MW)
\c@bbx:relatedcount=\count386
\c@bbx:relatedtotal=\count387
))
Package biblatex Info: Trying to load citation style 'numeric'...
Package biblatex Info: ... file 'numeric.cbx' found.

("E:\Program Files\MiKTeX\tex/latex/biblatex/cbx\numeric.cbx"
File: numeric.cbx 2020/08/23 v3.15a biblatex citation style (PK/MW)
Package biblatex Info: Redefining '\cite'.
Package biblatex Info: Redefining '\parencite'.
Package biblatex Info: Redefining '\footcite'.
Package biblatex Info: Redefining '\footcitetext'.
Package biblatex Info: Redefining '\smartcite'.
Package biblatex Info: Redefining '\supercite'.
Package biblatex Info: Redefining '\textcite'.
Package biblatex Info: Redefining '\textcites'.
Package biblatex Info: Redefining '\cites'.
Package biblatex Info: Redefining '\parencites'.
Package biblatex Info: Redefining '\smartcites'.
)
Package biblatex Info: Trying to load configuration file...
Package biblatex Info: ... file 'biblatex.cfg' found.

("E:\Program Files\MiKTeX\tex/latex/biblatex\biblatex.cfg"
File: biblatex.cfg 
))
("E:\Program Files\MiKTeX\tex/latex/booktabs\booktabs.sty"
Package: booktabs 2020/01/12 v1.61803398 Publication quality tables
\heavyrulewidth=\dimen140
\lightrulewidth=\dimen141
\cmidrulewidth=\dimen142
\belowrulesep=\dimen143
\belowbottomsep=\dimen144
\aboverulesep=\dimen145
\abovetopsep=\dimen146
\cmidrulesep=\dimen147
\cmidrulekern=\dimen148
\defaultaddspace=\dimen149
\@cmidla=\count388
\@cmidlb=\count389
\@aboverulesep=\dimen150
\@belowrulesep=\dimen151
\@thisruleclass=\count390
\@lastruleclass=\count391
\@thisrulewidth=\dimen152
)
("E:\Program Files\MiKTeX\tex/latex/microtype\microtype.sty"
Package: microtype 2019/11/18 v2.7d Micro-typographical refinements (RS)
\MT@toks=\toks19
\MT@count=\count392
LaTeX Info: Redefining \textls on input line 790.
\MT@outer@kern=\dimen153
LaTeX Info: Redefining \textmicrotypecontext on input line 1354.
\MT@listname@count=\count393

("E:\Program Files\MiKTeX\tex/latex/microtype\microtype-pdftex.def"
File: microtype-pdftex.def 2019/11/18 v2.7d Definitions specific to pdftex (RS)

LaTeX Info: Redefining \lsstyle on input line 914.
LaTeX Info: Redefining \lslig on input line 914.
\MT@outer@space=\skip86
)
Package microtype Info: Loading configuration file microtype.cfg.

("E:\Program Files\MiKTeX\tex/latex/microtype\microtype.cfg"
File: microtype.cfg 2019/11/18 v2.7d microtype main configuration file (RS)
))
("E:\Program Files\MiKTeX\tex/latex/hyperref\hyperref.sty"
Package: hyperref 2020-05-15 v7.00e Hypertext links for LaTeX

("E:\Program Files\MiKTeX\tex/generic/kvdefinekeys\kvdefinekeys.sty"
Package: kvdefinekeys 2019-12-19 v1.6 Define keys (HO)
)
("E:\Program Files\MiKTeX\tex/generic/pdfescape\pdfescape.sty"
Package: pdfescape 2019/12/09 v1.15 Implements pdfTeX's escape features (HO)
)
("E:\Program Files\MiKTeX\tex/latex/hycolor\hycolor.sty"
Package: hycolor 2020-01-27 v1.10 Color options for hyperref/bookmark (HO)
)
("E:\Program Files\MiKTeX\tex/latex/letltxmacro\letltxmacro.sty"
Package: letltxmacro 2019/12/03 v1.6 Let assignment for LaTeX macros (HO)
)
("E:\Program Files\MiKTeX\tex/latex/auxhook\auxhook.sty"
Package: auxhook 2019-12-17 v1.6 Hooks for auxiliary files (HO)
)
\@linkdim=\dimen154
\Hy@linkcounter=\count394
\Hy@pagecounter=\count395

("E:\Program Files\MiKTeX\tex/latex/hyperref\pd1enc.def"
File: pd1enc.def 2020-05-15 v7.00e Hyperref: PDFDocEncoding definition (HO)
Now handling font encoding PD1 ...
... no UTF-8 mapping file for font encoding PD1
)
("E:\Program Files\MiKTeX\tex/generic/intcalc\intcalc.sty"
Package: intcalc 2019/12/15 v1.3 Expandable calculations with integers (HO)
)
("E:\Program Files\MiKTeX\tex/generic/etexcmds\etexcmds.sty"
Package: etexcmds 2019/12/15 v1.7 Avoid name clashes with e-TeX commands (HO)
)
\Hy@SavedSpaceFactor=\count396
Package hyperref Info: Option `breaklinks' set `true' on input line 4338.
Package hyperref Info: Hyper figures OFF on input line 4464.
Package hyperref Info: Link nesting OFF on input line 4469.
Package hyperref Info: Hyper index ON on input line 4472.
Package hyperref Info: Plain pages OFF on input line 4479.
Package hyperref Info: Backreferencing OFF on input line 4484.
Package hyperref Info: Implicit mode ON; LaTeX internals redefined.
Package hyperref Info: Bookmarks ON on input line 4717.
\c@Hy@tempcnt=\count397
LaTeX Info: Redefining \url on input line 5076.
\XeTeXLinkMargin=\dimen155

("E:\Program Files\MiKTeX\tex/generic/bitset\bitset.sty"
Package: bitset 2019/12/09 v1.3 Handle bit-vector datatype (HO)

("E:\Program Files\MiKTeX\tex/generic/bigintcalc\bigintcalc.sty"
Package: bigintcalc 2019/12/15 v1.5 Expandable calculations on big integers (HO
)
))
\Fld@menulength=\count398
\Field@Width=\dimen156
\Fld@charsize=\dimen157
Package hyperref Info: Hyper figures OFF on input line 6347.
Package hyperref Info: Link nesting OFF on input line 6352.
Package hyperref Info: Hyper index ON on input line 6355.
Package hyperref Info: backreferencing OFF on input line 6362.
Package hyperref Info: Link coloring OFF on input line 6367.
Package hyperref Info: Link coloring with OCG OFF on input line 6372.
Package hyperref Info: PDF/A mode OFF on input line 6377.
LaTeX Info: Redefining \ref on input line 6417.
LaTeX Info: Redefining \pageref on input line 6421.

("E:\Program Files\MiKTeX\tex/latex/base\atbegshi-ltx.sty"
Package: atbegshi-ltx 2020/08/17 v1.0a Emulation of the original atbegshi packa
ge
with kernel methods
)
\Hy@abspage=\count399
\c@Item=\count400
\c@Hfootnote=\count401
)
Package hyperref Info: Driver (autodetected): hpdftex.

("E:\Program Files\MiKTeX\tex/latex/hyperref\hpdftex.def"
File: hpdftex.def 2020-05-15 v7.00e Hyperref driver for pdfTeX

("E:\Program Files\MiKTeX\tex/latex/base\atveryend-ltx.sty"
Package: atveryend-ltx 2020/08/19 v1.0a Emulation of the original atvery packag
e
with kernel methods
)
\Fld@listcount=\count402
\c@bookmark@seq@number=\count403

("E:\Program Files\MiKTeX\tex/latex/rerunfilecheck\rerunfilecheck.sty"
Package: rerunfilecheck 2019/12/05 v1.9 Rerun checks for auxiliary files (HO)

("E:\Program Files\MiKTeX\tex/generic/uniquecounter\uniquecounter.sty"
Package: uniquecounter 2019/12/15 v1.4 Provide unlimited unique counter (HO)
)
Package uniquecounter Info: New unique counter `rerunfilecheck' on input line 2
86.
)
\Hy@SectionHShift=\skip87
)
("E:\Program Files\MiKTeX\tex/latex/amsmath\amsmath.sty"
Package: amsmath 2020/09/23 v2.17i AMS math features
\@mathmargin=\skip88

For additional information on amsmath, use the `?' option.
("E:\Program Files\MiKTeX\tex/latex/amsmath\amstext.sty"
Package: amstext 2000/06/29 v2.01 AMS text

("E:\Program Files\MiKTeX\tex/latex/amsmath\amsgen.sty"
File: amsgen.sty 1999/11/30 v2.0 generic functions
\@emptytoks=\toks20
\ex@=\dimen158
))
("E:\Program Files\MiKTeX\tex/latex/amsmath\amsbsy.sty"
Package: amsbsy 1999/11/29 v1.2d Bold Symbols
\pmbraise@=\dimen159
)
("E:\Program Files\MiKTeX\tex/latex/amsmath\amsopn.sty"
Package: amsopn 2016/03/08 v2.02 operator names
)
\inf@bad=\count404
LaTeX Info: Redefining \frac on input line 234.
\uproot@=\count405
\leftroot@=\count406
LaTeX Info: Redefining \overline on input line 399.
\classnum@=\count407
\DOTSCASE@=\count408
LaTeX Info: Redefining \ldots on input line 496.
LaTeX Info: Redefining \dots on input line 499.
LaTeX Info: Redefining \cdots on input line 620.
\Mathstrutbox@=\box50
\strutbox@=\box51
\big@size=\dimen160
LaTeX Font Info:    Redeclaring font encoding OML on input line 743.
LaTeX Font Info:    Redeclaring font encoding OMS on input line 744.
\macc@depth=\count409
\c@MaxMatrixCols=\count410
\dotsspace@=\muskip21
\c@parentequation=\count411
\dspbrk@lvl=\count412
\tag@help=\toks21
\row@=\count413
\column@=\count414
\maxfields@=\count415
\andhelp@=\toks22
\eqnshift@=\dimen161
\alignsep@=\dimen162
\tagshift@=\dimen163
\tagwidth@=\dimen164
\totwidth@=\dimen165
\lineht@=\dimen166
\@envbody=\toks23
\multlinegap=\skip89
\multlinetaggap=\skip90
\mathdisplay@stack=\toks24
LaTeX Info: Redefining \[ on input line 2923.
LaTeX Info: Redefining \] on input line 2924.
)
("E:\Program Files\MiKTeX\tex/latex/algorithms\algorithm.sty"
Package: algorithm 2009/08/24 v0.1 Document Style `algorithm' - floating enviro
nment

("E:\Program Files\MiKTeX\tex/latex/float\float.sty"
Package: float 2001/11/08 v1.3d Float enhancements (AL)
\c@float@type=\count416
\float@exts=\toks25
\float@box=\box52
\@float@everytoks=\toks26
\@floatcapt=\box53
)
\@float@every@algorithm=\toks27
\c@algorithm=\count417
)
("E:\Program Files\MiKTeX\tex/latex/algorithmicx\algpseudocode.sty"
Package: algpseudocode 

("E:\Program Files\MiKTeX\tex/latex/algorithmicx\algorithmicx.sty"
Package: algorithmicx 2005/04/27 v1.2 Algorithmicx

Document Style algorithmicx 1.2 - a greatly improved `algorithmic' style
\c@ALG@line=\count418
\c@ALG@rem=\count419
\c@ALG@nested=\count420
\ALG@tlm=\skip91
\ALG@thistlm=\skip92
\c@ALG@Lnr=\count421
\c@ALG@blocknr=\count422
\c@ALG@storecount=\count423
\c@ALG@tmpcounter=\count424
\ALG@tmplength=\skip93
)
Document Style - pseudocode environments for use with the `algorithmicx' style
) ("E:\Program Files\MiKTeX\tex/latex/units\units.sty"
Package: units 1998/08/04 v0.9b Typesetting units

("E:\Program Files\MiKTeX\tex/latex/units\nicefrac.sty"
Package: nicefrac 1998/08/04 v0.9b Nice fractions
\L@UnitsRaiseDisplaystyle=\skip94
\L@UnitsRaiseTextstyle=\skip95
\L@UnitsRaiseScriptstyle=\skip96
))
("E:\Program Files\MiKTeX\tex/latex/graphics\graphicx.sty"
Package: graphicx 2020/09/09 v1.2b Enhanced LaTeX Graphics (DPC,SPQR)

("E:\Program Files\MiKTeX\tex/latex/graphics\graphics.sty"
Package: graphics 2020/08/30 v1.4c Standard LaTeX Graphics (DPC,SPQR)

("E:\Program Files\MiKTeX\tex/latex/graphics\trig.sty"
Package: trig 2016/01/03 v1.10 sin cos tan (DPC)
)
("E:\Program Files\MiKTeX\tex/latex/graphics-cfg\graphics.cfg"
File: graphics.cfg 2016/06/04 v1.11 sample graphics configuration
)
Package graphics Info: Driver file: pdftex.def on input line 105.

("E:\Program Files\MiKTeX\tex/latex/graphics-def\pdftex.def"
File: pdftex.def 2020/10/05 v1.2a Graphics/color driver for pdftex
))
\Gin@req@height=\dimen167
\Gin@req@width=\dimen168
)
("E:\Program Files\MiKTeX\tex/latex/psfrag\psfrag.sty"
Package: psfrag 1998/04/11 v3.04 PSfrag (MCG)
\pfg@pcount=\count425
\pfg@scount=\count426
\pfg@temp=\write4
)) (settings/settings.tex)
Package csquotes Info: Checking for multilingual support...
Package csquotes Info: ... found 'babel' package.
LaTeX Font Info:    Trying to load font information for T1+pplx on input line 1
1.
 ("E:\Program Files\MiKTeX\tex/latex/psnfss\t1pplx.fd"
File: t1pplx.fd 2004/09/06 font definitions for T1/pplx.
) (main.aux)
\openout1 = `main.aux'.

LaTeX Font Info:    Checking defaults for OML/cmm/m/it on input line 11.
LaTeX Font Info:    ... okay on input line 11.
LaTeX Font Info:    Checking defaults for OMS/cmsy/m/n on input line 11.
LaTeX Font Info:    ... okay on input line 11.
LaTeX Font Info:    Checking defaults for OT1/cmr/m/n on input line 11.
LaTeX Font Info:    ... okay on input line 11.
LaTeX Font Info:    Checking defaults for T1/cmr/m/n on input line 11.
LaTeX Font Info:    ... okay on input line 11.
LaTeX Font Info:    Checking defaults for TS1/cmr/m/n on input line 11.
LaTeX Font Info:    ... okay on input line 11.
LaTeX Font Info:    Checking defaults for OMX/cmex/m/n on input line 11.
LaTeX Font Info:    ... okay on input line 11.
LaTeX Font Info:    Checking defaults for U/cmr/m/n on input line 11.
LaTeX Font Info:    ... okay on input line 11.
LaTeX Font Info:    Checking defaults for PD1/pdf/m/n on input line 11.
LaTeX Font Info:    ... okay on input line 11.
Package nag Info: Command \RaggedLeft not defined, skipping amendment on input 
line 11.
Package nag Info: Command \RaggedRight not defined, skipping amendment on input
 line 11.
Package scrbase Info: activating american \contentsname on input line 11.
Package scrbase Info: activating american \listfigurename on input line 11.
Package scrbase Info: activating american \listtablename on input line 11.
Package biblatex Info: Trying to load language 'american'...
Package biblatex Info: ... file 'american.lbx' found.

("E:\Program Files\MiKTeX\tex/latex/biblatex/lbx\american.lbx"
File: american.lbx 2020/08/23 v3.15a biblatex localization (PK/MW)
Package biblatex Info: Trying to load language 'english'...
Package biblatex Info: ... file 'english.lbx' found.

("E:\Program Files\MiKTeX\tex/latex/biblatex/lbx\english.lbx"
File: english.lbx 2020/08/23 v3.15a biblatex localization (PK/MW)
)
Package biblatex Info: Trying to load language 'english'...
Package biblatex Info: ... file 'english.lbx' found.

("E:\Program Files\MiKTeX\tex/latex/biblatex/lbx\english.lbx"
File: english.lbx 2020/08/23 v3.15a biblatex localization (PK/MW)
))
Package biblatex Info: Input encoding 'utf8' detected.
Package biblatex Info: Automatic encoding selection.
(biblatex)             Assuming data encoding 'utf8'.
Package biblatex Info: Input encoding 'utf8' specified.
Package biblatex Info: Data encoding 'utf8' specified.
(biblatex)             No need to reencode data.
\openout3 = `main-blx.bib'.

Package biblatex Info: Trying to load bibliographic data...
Package biblatex Info: ... file 'main.bbl' found.
 (main.bbl)
Package biblatex Info: Reference section=0 on input line 11.
Package biblatex Info: Reference segment=0 on input line 11.
LaTeX Info: Redefining \microtypecontext on input line 11.
Package microtype Info: Generating PDF output.
Package microtype Info: Character protrusion enabled (level 2).
Package microtype Info: Using default protrusion set `alltext'.
Package microtype Info: Automatic font expansion enabled (level 2),
(microtype)             stretch: 20, shrink: 20, step: 1, non-selected.
Package microtype Info: Using default expansion set `basictext'.
LaTeX Info: Redefining \showhyphens on input line 11.
Package microtype Info: No adjustment of tracking.
Package microtype Info: No adjustment of interword spacing.
Package microtype Info: No adjustment of character kerning.

("E:\Program Files\MiKTeX\tex/latex/microtype\mt-ppl.cfg"
File: mt-ppl.cfg 2005/11/16 v1.6 microtype config. file: Palatino (RS)
)
Package hyperref Info: Link coloring OFF on input line 11.

("E:\Program Files\MiKTeX\tex/latex/hyperref\nameref.sty"
Package: nameref 2019/09/16 v2.46 Cross-referencing by name of section

("E:\Program Files\MiKTeX\tex/latex/refcount\refcount.sty"
Package: refcount 2019/12/15 v3.6 Data extraction from label references (HO)
)
("E:\Program Files\MiKTeX\tex/generic/gettitlestring\gettitlestring.sty"
Package: gettitlestring 2019/12/15 v1.6 Cleanup title references (HO)
)
\c@section@level=\count427
)
LaTeX Info: Redefining \ref on input line 11.
LaTeX Info: Redefining \pageref on input line 11.
LaTeX Info: Redefining \nameref on input line 11.

(main.out) (main.out)
\@outlinefile=\write5
\openout5 = `main.out'.

Class scrbook Info: loading recommended package `bookmark'.
(scrbook)           Using `bookmark' together with `hyperref' is recommended,
(scrbook)           because of handling of possible bookmark level gaps.
(scrbook)           You can avoid loading `bookmark' with KOMA-Script option
(scrbook)           `bookmarkpackage=false' before \begin{document} and
(scrbook)           you can avoid this message adding:
(scrbook)             \usepackage{bookmark}
(scrbook)           before \begin{document} on input line 11.
 ("E:\Program Files\MiKTeX\tex/latex/bookmark\bookmark.sty"
Package: bookmark 2020-11-06 v1.29 PDF bookmarks (HO)
 ("E:\Program Files\MiKTeX\tex/latex/bookmark\bkm-pdftex.def"
File: bkm-pdftex.def 2020-11-06 v1.29 bookmark driver for pdfTeX (HO)
\BKM@id=\count428
))
("E:\Program Files\MiKTeX\tex/context/base/mkii\supp-pdf.mkii"
[Loading MPS to PDF converter (version 2006.09.02).]
\scratchcounter=\count429
\scratchdimen=\dimen169
\scratchbox=\box54
\nofMPsegments=\count430
\nofMParguments=\count431
\everyMPshowfont=\toks28
\MPscratchCnt=\count432
\MPscratchDim=\dimen170
\MPnumerator=\count433
\makeMPintoPDFobject=\count434
\everyMPtoPDFconversion=\toks29
) ("E:\Program Files\MiKTeX\tex/latex/epstopdf-pkg\epstopdf-base.sty"
Package: epstopdf-base 2020-01-24 v2.11 Base part for package epstopdf
Package epstopdf-base Info: Redefining graphics rule for `.eps' on input line 4
85.
)
Package nag Info: Command \caption@xlabel not defined, skipping amendment on in
put line 11.
Package nag Info: Command \hc@caption not defined, skipping amendment on input 
line 11.
Package nag Info: Command \topcaption not defined, skipping amendment on input 
line 11.

(settings/cover.tex
<./figures/tum.pdf, id=3, 55.20625pt x 30.1125pt>
File: ./figures/tum.pdf Graphic file (type pdf)
<use ./figures/tum.pdf>
Package pdftex.def Info: ./figures/tum.pdf  used on input line 13.
(pdftex.def)             Requested size: 113.81102pt x 62.08203pt.
 [1
Non-PDF special ignored!
<special> header=psfrag.pro



{C:/Users/Administrator/AppData/Local/MiKTeX/pdftex/config/pdftex.map} <./figur
es/tum.pdf>]) (settings/title.tex
File: ./figures/tum.pdf Graphic file (type pdf)
<use ./figures/tum.pdf>
Package pdftex.def Info: ./figures/tum.pdf  used on input line 5.
(pdftex.def)             Requested size: 113.81102pt x 62.08203pt.
LaTeX Font Info:    Trying to load font information for OT1+pplx on input line 
23.

("E:\Program Files\MiKTeX\tex/latex/psnfss\ot1pplx.fd"
File: ot1pplx.fd 2004/09/06 font definitions for OT1/pplx.
)
LaTeX Font Info:    Trying to load font information for OML+zplm on input line 
23.

("E:\Program Files\MiKTeX\tex/latex/psnfss\omlzplm.fd"
File: omlzplm.fd 2002/09/08 Fontinst v1.914 font definitions for OML/zplm.
)
LaTeX Font Info:    Trying to load font information for OMS+zplm on input line 
23.

("E:\Program Files\MiKTeX\tex/latex/psnfss\omszplm.fd"
File: omszplm.fd 2002/09/08 Fontinst v1.914 font definitions for OMS/zplm.
)
LaTeX Font Info:    Trying to load font information for OMX+zplm on input line 
23.

("E:\Program Files\MiKTeX\tex/latex/psnfss\omxzplm.fd"
File: omxzplm.fd 2002/09/08 Fontinst v1.914 font definitions for OMX/zplm.
)
LaTeX Font Info:    Trying to load font information for OT1+zplm on input line 
23.

("E:\Program Files\MiKTeX\tex/latex/psnfss\ot1zplm.fd"
File: ot1zplm.fd 2002/09/08 Fontinst v1.914 font definitions for OT1/zplm.
)
Package microtype Info: Loading generic protrusion settings for font family
(microtype)             `zplm' (encoding: OT1).
(microtype)             For optimal results, create family-specific settings.
(microtype)             See the microtype manual for details.
 [1



])
(settings/disclaimer.tex
Underfull \hbox (badness 10000) in paragraph at lines 3--6

 []

[2]) (settings/acknowledgements.tex [3


]) (settings/abstract.tex
chapter without number

Class scrbook Warning: \float@addtolists detected!
(scrbook)              Implementation of \float@addtolist became
(scrbook)              deprecated in KOMA-Script v3.01 2008/11/14 and
(scrbook)              has been replaced by several more flexible
(scrbook)              features of package `tocbasic`.
(scrbook)              Since Version 3.12 support for deprecated
(scrbook)              \float@addtolist interface has been
(scrbook)              restricted to only some of the KOMA-Script
(scrbook)              features and been removed from others.
(scrbook)              Loading of package `scrhack' may help to
(scrbook)              avoid this warning, if you are using a
(scrbook)              a package that still implements the
(scrbook)              deprecated \float@addtolist interface.

) [4




]
Package tocbasic Info: character protrusion at toc deactivated on input line 20
.
 (main.toc [5


])
\tf@toc=\write6
\openout6 = `main.toc'.

LaTeX Font Info:    Font shape `T1/pplx/m/sl' in size <10.95> not available
(Font)              Font shape `T1/pplx/m/it' tried instead on input line 23.
 [6] (content/introduction.tex
chapter 1.
pdfTeX warning (ext4): destination with the same identifier (name{page.1}) has 
been already used, duplicate ignored
<to be read again> 
                   \relax 
l.8 
     [1



]
<figures/cornercases.PNG, id=139, 565.51276pt x 389.0535pt>
File: figures/cornercases.PNG Graphic file (type png)
<use figures/cornercases.PNG>
Package pdftex.def Info: figures/cornercases.PNG  used on input line 16.
(pdftex.def)             Requested size: 355.51976pt x 244.58852pt.
) (content/literaturereview.tex [2] [3pdfTeX warning (ext4): destination with t
he same identifier (name{figure.1.1}) has been already used, duplicate ignored
<argument> ...shipout:D \box_use:N \l_shipout_box 
                                                  
l.1 \chapter
            {Literature Review} \label{ch:review} <./figures/cornercases.PNG>]
chapter 2.
[4


]
<figures/Background_Subtraction.png, id=199, 356.0803pt x 188.20313pt>
File: figures/Background_Subtraction.png Graphic file (type png)
<use figures/Background_Subtraction.png>
Package pdftex.def Info: figures/Background_Subtraction.png  used on input line
 31.
(pdftex.def)             Requested size: 334.60571pt x 176.85925pt.
 [5] [6pdfTeX warning (ext4): destination with the same identifier (name{figure
.2.1}) has been already used, duplicate ignored
<argument> ...shipout:D \box_use:N \l_shipout_box 
                                                  
l.46 T
      he dynamic background learning method will dissolve an object that doe...
 <./figures/Background_Subtraction.png>]
<figures/Object-representations.png, id=233, 610.28pt x 398.48875pt>
File: figures/Object-representations.png Graphic file (type png)
<use figures/Object-representations.png>
Package pdftex.def Info: figures/Object-representations.png  used on input line
 54.
(pdftex.def)             Requested size: 334.60571pt x 218.48848pt.
 [7]
<figures/virtualpath.PNG, id=252, 473.3685pt x 483.0045pt>
File: figures/virtualpath.PNG Graphic file (type png)
<use figures/virtualpath.PNG>
Package pdftex.def Info: figures/virtualpath.PNG  used on input line 69.
(pdftex.def)             Requested size: 209.12778pt x 213.38492pt.
 [8pdfTeX warning (ext4): destination with the same identifier (name{figure.2.2
}) has been already used, duplicate ignored
<argument> ...shipout:D \box_use:N \l_shipout_box 
                                                  
l.72 
      <./figures/Object-representations.png (PNG copy)>]) (content/hardware.tex
[9pdfTeX warning (ext4): destination with the same identifier (name{figure.2.3}
) has been already used, duplicate ignored
<argument> ...shipout:D \box_use:N \l_shipout_box 
                                                  
l.1 \chapter
            {Problem Statement and Hardware Selecting} \label{ch:hardware} <./f
igures/virtualpath.PNG>]
chapter 3.

LaTeX Warning: No positions in optional float specifier.
               Default added (so using `tbp') on input line 9.

LaTeX Font Info:    Trying to load font information for TS1+pplx on input line 
19.
("E:\Program Files\MiKTeX\tex/latex/psnfss\ts1pplx.fd"
File: ts1pplx.fd 2004/09/06 font definitions for TS1/pplx.
) [10


]
<figures/grideye_detectionarea.PNG, id=278, 524.55975pt x 517.935pt>
File: figures/grideye_detectionarea.PNG Graphic file (type png)
<use figures/grideye_detectionarea.PNG>
Package pdftex.def Info: figures/grideye_detectionarea.PNG  used on input line 
31.
(pdftex.def)             Requested size: 250.95587pt x 247.79195pt.
 [11pdfTeX warning (ext4): destination with the same identifier (name{table.3.1
}) has been already used, duplicate ignored
<argument> ...shipout:D \box_use:N \l_shipout_box 
                                                  
l.41 \section
             {Main Processor}] [12pdfTeX warning (ext4): destination with the s
ame identifier (name{figure.3.1}) has been already used, duplicate ignored
<argument> ...shipout:D \box_use:N \l_shipout_box 
                                                  
l.47 
      <./figures/grideye_detectionarea.PNG>]
<figures/ESP32diagram.PNG, id=307, 536.0025pt x 482.40225pt>
File: figures/ESP32diagram.PNG Graphic file (type png)
<use figures/ESP32diagram.PNG>
Package pdftex.def Info: figures/ESP32diagram.PNG  used on input line 65.
(pdftex.def)             Requested size: 209.12778pt x 188.20972pt.
 [13pdfTeX warning (ext4): destination with the same identifier (name{table.3.2
}) has been already used, duplicate ignored
<argument> ...shipout:D \box_use:N \l_shipout_box 
                                                  
l.71 
     pdfTeX warning (ext4): destination with the same identifier (name{figure.3
.2}) has been already used, duplicate ignored
<argument> ...shipout:D \box_use:N \l_shipout_box 
                                                  
l.71 
      <./figures/ESP32diagram.PNG>]) (content/platform.tex [14]
chapter 4.
<figures/mqtt.png, id=319, 379.4175pt x 228.855pt>
File: figures/mqtt.png Graphic file (type png)
<use figures/mqtt.png>
Package pdftex.def Info: figures/mqtt.png  used on input line 11.
(pdftex.def)             Requested size: 250.95587pt x 151.373pt.
<figures/noderedflow.PNG, id=322, 483.2454pt x 516.0078pt>
File: figures/noderedflow.PNG Graphic file (type png)
<use figures/noderedflow.PNG>
Package pdftex.def Info: figures/noderedflow.PNG  used on input line 18.
(pdftex.def)             Requested size: 334.60571pt x 357.30554pt.
<figures/noderedui.png, id=323, 721.7364pt x 429.2838pt>
File: figures/noderedui.png Graphic file (type png)
<use figures/noderedui.png>
Package pdftex.def Info: figures/noderedui.png  used on input line 23.
(pdftex.def)             Requested size: 334.60571pt x 199.02536pt.
[15


] [16pdfTeX warning (ext4): destination with the same identifier (name{figure.4
.1}) has been already used, duplicate ignored
<argument> ...shipout:D \box_use:N \l_shipout_box 
                                                  
l.32 \section
             {ElasticSearch and Kibana} <./figures/mqtt.png>] [17pdfTeX warning
 (ext4): destination with the same identifier (name{figure.4.2}) has been alrea
dy used, duplicate ignored
<argument> ...shipout:D \box_use:N \l_shipout_box 
                                                  
l.32 \section
             {ElasticSearch and Kibana} <./figures/noderedflow.PNG>]
<figures/ESKibana_overview.PNG, id=345, 654.0435pt x 324.61275pt>
File: figures/ESKibana_overview.PNG Graphic file (type png)
<use figures/ESKibana_overview.PNG>
Package pdftex.def Info: figures/ESKibana_overview.PNG  used on input line 38.
(pdftex.def)             Requested size: 334.60571pt x 166.07039pt.
)
(content/algorithm.tex [18pdfTeX warning (ext4): destination with the same iden
tifier (name{figure.4.3}) has been already used, duplicate ignored
<argument> ...shipout:D \box_use:N \l_shipout_box 
                                                  
l.1 \chapter
            {Proposed Algorithm}\label{ch:algorithm} <./figures/noderedui.png>]
[19pdfTeX warning (ext4): destination with the same identifier (name{figure.4.4
}) has been already used, duplicate ignored
<argument> ...shipout:D \box_use:N \l_shipout_box 
                                                  
l.1 \chapter
            {Proposed Algorithm}\label{ch:algorithm} <./figures/ESKibana_overvi
ew.PNG>]
chapter 5.
[20


]
Package epstopdf Info: Source file: <figures/detect_interpolate.eps>
(epstopdf)                    date: 2021-08-27 17:42:11
(epstopdf)                    size: 666013 bytes
(epstopdf)             Output file: <figures/detect_interpolate-eps-converted-t
o.pdf>
(epstopdf)                    date: 2021-08-27 17:42:27
(epstopdf)                    size: 29461 bytes
(epstopdf)             Command: <epstopdf --outfile=figures/detect_interpolate-
eps-converted-to.pdf figures/detect_interpolate.eps>
(epstopdf)             \includegraphics on input line 22.
Package epstopdf Info: Output file is already uptodate.


pdfTeX warning: pdflatex.exe (file ./figures/detect_interpolate-eps-converted-t
o.pdf): PDF inclusion: found PDF version <1.7>, but at most version <1.5> allow
ed
<figures/detect_interpolate-eps-converted-to.pdf, id=368, 1084.05pt x 252.945pt
>
File: figures/detect_interpolate-eps-converted-to.pdf Graphic file (type pdf)
<use figures/detect_interpolate-eps-converted-to.pdf>
Package pdftex.def Info: figures/detect_interpolate-eps-converted-to.pdf  used 
on input line 22.
(pdftex.def)             Requested size: 418.25555pt x 97.5906pt.
[21pdfTeX warning (ext4): destination with the same identifier (name{figure.5.1
}) has been already used, duplicate ignored
<argument> ...shipout:D \box_use:N \l_shipout_box 
                                                  
l.29 T
      herefore, pixels higher than the threshold but with hotter pixels near...
 <./figures/detect_interpolate-eps-converted-to.pdf>]
Package epstopdf Info: Source file: <figures/detect_spatialfilter.eps>
(epstopdf)                    date: 2021-08-28 14:31:58
(epstopdf)                    size: 830736 bytes
(epstopdf)             Output file: <figures/detect_spatialfilter-eps-converted
-to.pdf>
(epstopdf)                    date: 2021-08-28 14:44:31
(epstopdf)                    size: 46704 bytes
(epstopdf)             Command: <epstopdf --outfile=figures/detect_spatialfilte
r-eps-converted-to.pdf figures/detect_spatialfilter.eps>
(epstopdf)             \includegraphics on input line 32.
Package epstopdf Info: Output file is already uptodate.


pdfTeX warning: pdflatex.exe (file ./figures/detect_spatialfilter-eps-converted
-to.pdf): PDF inclusion: found PDF version <1.7>, but at most version <1.5> all
owed
<figures/detect_spatialfilter-eps-converted-to.pdf, id=416, 867.24pt x 433.62pt
>
File: figures/detect_spatialfilter-eps-converted-to.pdf Graphic file (type pdf)

<use figures/detect_spatialfilter-eps-converted-to.pdf>
Package pdftex.def Info: figures/detect_spatialfilter-eps-converted-to.pdf  use
d on input line 32.
(pdftex.def)             Requested size: 418.25555pt x 209.1277pt.
Package epstopdf Info: Source file: <figures/detect_filterthres.eps>
(epstopdf)                    date: 2021-08-27 21:39:15
(epstopdf)                    size: 704938 bytes
(epstopdf)             Output file: <figures/detect_filterthres-eps-converted-t
o.pdf>
(epstopdf)                    date: 2021-08-27 21:55:24
(epstopdf)                    size: 102926 bytes
(epstopdf)             Command: <epstopdf --outfile=figures/detect_filterthres-
eps-converted-to.pdf figures/detect_filterthres.eps>
(epstopdf)             \includegraphics on input line 37.
Package epstopdf Info: Output file is already uptodate.


pdfTeX warning: pdflatex.exe (file ./figures/detect_filterthres-eps-converted-t
o.pdf): PDF inclusion: found PDF version <1.7>, but at most version <1.5> allow
ed
<figures/detect_filterthres-eps-converted-to.pdf, id=417, 722.7pt x 433.62pt>
File: figures/detect_filterthres-eps-converted-to.pdf Graphic file (type pdf)
<use figures/detect_filterthres-eps-converted-to.pdf>
Package pdftex.def Info: figures/detect_filterthres-eps-converted-to.pdf  used 
on input line 37.
(pdftex.def)             Requested size: 418.25555pt x 250.9506pt.
Package epstopdf Info: Source file: <figures/detect_compare.eps>
(epstopdf)                    date: 2021-08-28 14:33:32
(epstopdf)                    size: 830939 bytes
(epstopdf)             Output file: <figures/detect_compare-eps-converted-to.pd
f>
(epstopdf)                    date: 2021-08-28 14:44:32
(epstopdf)                    size: 49146 bytes
(epstopdf)             Command: <epstopdf --outfile=figures/detect_compare-eps-
converted-to.pdf figures/detect_compare.eps>
(epstopdf)             \includegraphics on input line 44.
Package epstopdf Info: Output file is already uptodate.


pdfTeX warning: pdflatex.exe (file ./figures/detect_compare-eps-converted-to.pd
f): PDF inclusion: found PDF version <1.7>, but at most version <1.5> allowed
<figures/detect_compare-eps-converted-to.pdf, id=420, 867.24pt x 433.62pt>
File: figures/detect_compare-eps-converted-to.pdf Graphic file (type pdf)
<use figures/detect_compare-eps-converted-to.pdf>
Package pdftex.def Info: figures/detect_compare-eps-converted-to.pdf  used on i
nput line 44.
(pdftex.def)             Requested size: 418.25555pt x 209.1277pt.
[22pdfTeX warning (ext4): destination with the same identifier (name{figure.5.2
}) has been already used, duplicate ignored
<argument> ...shipout:D \box_use:N \l_shipout_box 
                                                  
l.47 
      <./figures/detect_spatialfilter-eps-converted-to.pdf>] [23pdfTeX warning 
(ext4): destination with the same identifier (name{figure.5.3}) has been alread
y used, duplicate ignored
<argument> ...shipout:D \box_use:N \l_shipout_box 
                                                  
l.47 
      <./figures/detect_filterthres-eps-converted-to.pdf>] [24pdfTeX warning (e
xt4): destination with the same identifier (name{figure.5.4}) has been already 
used, duplicate ignored
<argument> ...shipout:D \box_use:N \l_shipout_box 
                                                  
l.52 
      <./figures/detect_compare-eps-converted-to.pdf>]
<figures/summedareatable.png, id=523, 378.41376pt x 227.85126pt>
File: figures/summedareatable.png Graphic file (type png)
<use figures/summedareatable.png>
Package pdftex.def Info: figures/summedareatable.png  used on input line 55.
(pdftex.def)             Requested size: 250.95587pt x 151.10544pt.
Package epstopdf Info: Source file: <figures/detect_hole.eps>
(epstopdf)                    date: 2021-08-28 19:13:43
(epstopdf)                    size: 1053194 bytes
(epstopdf)             Output file: <figures/detect_hole-eps-converted-to.pdf>
(epstopdf)                    date: 2021-08-28 19:16:27
(epstopdf)                    size: 47681 bytes
(epstopdf)             Command: <epstopdf --outfile=figures/detect_hole-eps-con
verted-to.pdf figures/detect_hole.eps>
(epstopdf)             \includegraphics on input line 65.
Package epstopdf Info: Output file is already uptodate.


pdfTeX warning: pdflatex.exe (file ./figures/detect_hole-eps-converted-to.pdf):
 PDF inclusion: found PDF version <1.7>, but at most version <1.5> allowed
<figures/detect_hole-eps-converted-to.pdf, id=527, 867.24pt x 433.62pt>
File: figures/detect_hole-eps-converted-to.pdf Graphic file (type pdf)
<use figures/detect_hole-eps-converted-to.pdf>
Package pdftex.def Info: figures/detect_hole-eps-converted-to.pdf  used on inpu
t line 65.
(pdftex.def)             Requested size: 418.25555pt x 209.1277pt.
[25pdfTeX warning (ext4): destination with the same identifier (name{figure.5.5
}) has been already used, duplicate ignored
<argument> ...shipout:D \box_use:N \l_shipout_box 
                                                  
l.71 I
      f the hair isolation only creates a hole and the binary blob is still ...
 <./figures/summedareatable.png>]) (content/algorithm2.tex [26pdfTeX warning (e
xt4): destination with the same identifier (name{figure.5.6}) has been already 
used, duplicate ignored
<argument> ...shipout:D \box_use:N \l_shipout_box 
                                                  
l.3 \begin{equation}
                    \label{eq:blobdenote1} <./figures/detect_hole-eps-converted
-to.pdf>]
Package epstopdf Info: Source file: <figures/blobmerge.eps>
(epstopdf)                    date: 2021-08-29 11:05:01
(epstopdf)                    size: 2082904 bytes
(epstopdf)             Output file: <figures/blobmerge-eps-converted-to.pdf>
(epstopdf)                    date: 2021-08-29 11:31:17
(epstopdf)                    size: 144963 bytes
(epstopdf)             Command: <epstopdf --outfile=figures/blobmerge-eps-conve
rted-to.pdf figures/blobmerge.eps>
(epstopdf)             \includegraphics on input line 13.
Package epstopdf Info: Output file is already uptodate.


pdfTeX warning: pdflatex.exe (file ./figures/blobmerge-eps-converted-to.pdf): P
DF inclusion: found PDF version <1.7>, but at most version <1.5> allowed
<figures/blobmerge-eps-converted-to.pdf, id=573, 650.43pt x 1084.05pt>
File: figures/blobmerge-eps-converted-to.pdf Graphic file (type pdf)
<use figures/blobmerge-eps-converted-to.pdf>
Package pdftex.def Info: figures/blobmerge-eps-converted-to.pdf  used on input 
line 13.
(pdftex.def)             Requested size: 250.95587pt x 418.26204pt.
[27] [28pdfTeX warning (ext4): destination with the same identifier (name{figur
e.5.7}) has been already used, duplicate ignored
<argument> ...shipout:D \box_use:N \l_shipout_box 
                                                  
l.27 
      <./figures/blobmerge-eps-converted-to.pdf>]
Overfull \hbox (4.9495pt too wide) detected at line 56
[]
 []

[29] [30]
Package epstopdf Info: Source file: <figures/centralsbyfilter.eps>
(epstopdf)                    date: 2021-08-30 15:32:18
(epstopdf)                    size: 1373526 bytes
(epstopdf)             Output file: <figures/centralsbyfilter-eps-converted-to.
pdf>
(epstopdf)                    date: 2021-08-30 16:15:25
(epstopdf)                    size: 83876 bytes
(epstopdf)             Command: <epstopdf --outfile=figures/centralsbyfilter-ep
s-converted-to.pdf figures/centralsbyfilter.eps>
(epstopdf)             \includegraphics on input line 87.
Package epstopdf Info: Output file is already uptodate.


pdfTeX warning: pdflatex.exe (file ./figures/centralsbyfilter-eps-converted-to.
pdf): PDF inclusion: found PDF version <1.7>, but at most version <1.5> allowed

<figures/centralsbyfilter-eps-converted-to.pdf, id=657, 867.24pt x 505.89pt>
File: figures/centralsbyfilter-eps-converted-to.pdf Graphic file (type pdf)
<use figures/centralsbyfilter-eps-converted-to.pdf>
Package pdftex.def Info: figures/centralsbyfilter-eps-converted-to.pdf  used on
 input line 87.
(pdftex.def)             Requested size: 418.25555pt x 243.98232pt.
Package epstopdf Info: Source file: <figures/maskrecover.eps>
(epstopdf)                    date: 2021-08-30 14:37:55
(epstopdf)                    size: 593317 bytes
(epstopdf)             Output file: <figures/maskrecover-eps-converted-to.pdf>
(epstopdf)                    date: 2021-08-30 14:38:21
(epstopdf)                    size: 36641 bytes
(epstopdf)             Command: <epstopdf --outfile=figures/maskrecover-eps-con
verted-to.pdf figures/maskrecover.eps>
(epstopdf)             \includegraphics on input line 96.
Package epstopdf Info: Output file is already uptodate.


pdfTeX warning: pdflatex.exe (file ./figures/maskrecover-eps-converted-to.pdf):
 PDF inclusion: found PDF version <1.7>, but at most version <1.5> allowed
<figures/maskrecover-eps-converted-to.pdf, id=659, 867.24pt x 361.35pt>
File: figures/maskrecover-eps-converted-to.pdf Graphic file (type pdf)
<use figures/maskrecover-eps-converted-to.pdf>
Package pdftex.def Info: figures/maskrecover-eps-converted-to.pdf  used on inpu
t line 96.
(pdftex.def)             Requested size: 418.25555pt x 174.27309pt.
[31] [32pdfTeX warning (ext4): destination with the same identifier (name{figur
e.5.8}) has been already used, duplicate ignored
<argument> ...shipout:D \box_use:N \l_shipout_box 
                                                  
l.106 \end{equation}
                     <./figures/centralsbyfilter-eps-converted-to.pdf>]
Package epstopdf Info: Source file: <figures/centralandmedial.eps>
(epstopdf)                    date: 2021-09-02 10:14:54
(epstopdf)                    size: 1103601 bytes
(epstopdf)             Output file: <figures/centralandmedial-eps-converted-to.
pdf>
(epstopdf)                    date: 2021-09-02 10:31:13
(epstopdf)                    size: 67840 bytes
(epstopdf)             Command: <epstopdf --outfile=figures/centralandmedial-ep
s-converted-to.pdf figures/centralandmedial.eps>
(epstopdf)             \includegraphics on input line 111.
Package epstopdf Info: Output file is already uptodate.


pdfTeX warning: pdflatex.exe (file ./figures/centralandmedial-eps-converted-to.
pdf): PDF inclusion: found PDF version <1.7>, but at most version <1.5> allowed

<figures/centralandmedial-eps-converted-to.pdf, id=709, 867.24pt x 433.62pt>
File: figures/centralandmedial-eps-converted-to.pdf Graphic file (type pdf)
<use figures/centralandmedial-eps-converted-to.pdf>
Package pdftex.def Info: figures/centralandmedial-eps-converted-to.pdf  used on
 input line 111.
(pdftex.def)             Requested size: 418.25555pt x 209.1277pt.
) (content/algorithm3.tex [33pdfTeX warning (ext4): destination with the same i
dentifier (name{figure.5.9}) has been already used, duplicate ignored
<argument> ...shipout:D \box_use:N \l_shipout_box 
                                                  
l.6   \item t
             rack the blobs by their centroid as much as possible <./figures/ma
skrecover-eps-converted-to.pdf>] [34pdfTeX warning (ext4): destination with the
 same identifier (name{figure.5.10}) has been already used, duplicate ignored
<argument> ...shipout:D \box_use:N \l_shipout_box 
                                                  
l.16 
      <./figures/centralandmedial-eps-converted-to.pdf>]

LaTeX Font Warning: Command \boldmath invalid in math mode on input line 38.


LaTeX Font Warning: Command \mathversion invalid in math mode on input line 38.



LaTeX Font Warning: Command \boldmath invalid in math mode on input line 38.


LaTeX Font Warning: Command \mathversion invalid in math mode on input line 38.



LaTeX Font Warning: Command \boldmath invalid in math mode on input line 38.


LaTeX Font Warning: Command \mathversion invalid in math mode on input line 38.



LaTeX Font Warning: Command \boldmath invalid in math mode on input line 38.


LaTeX Font Warning: Command \mathversion invalid in math mode on input line 38.



Package amsmath Warning: Cannot use `split' here;
(amsmath)                trying to recover with `aligned' on input line 46.


LaTeX Font Warning: Command \boldmath invalid in math mode on input line 46.


LaTeX Font Warning: Command \mathversion invalid in math mode on input line 46.



LaTeX Font Warning: Command \boldmath invalid in math mode on input line 46.


LaTeX Font Warning: Command \mathversion invalid in math mode on input line 46.



LaTeX Font Warning: Command \boldmath invalid in math mode on input line 46.


LaTeX Font Warning: Command \mathversion invalid in math mode on input line 46.



LaTeX Font Warning: Command \boldmath invalid in math mode on input line 46.


LaTeX Font Warning: Command \mathversion invalid in math mode on input line 46.



LaTeX Font Warning: Command \boldmath invalid in math mode on input line 46.


LaTeX Font Warning: Command \mathversion invalid in math mode on input line 46.



LaTeX Font Warning: Command \boldmath invalid in math mode on input line 46.


LaTeX Font Warning: Command \mathversion invalid in math mode on input line 46.



LaTeX Font Warning: Command \boldmath invalid in math mode on input line 46.


LaTeX Font Warning: Command \mathversion invalid in math mode on input line 46.



LaTeX Font Warning: Command \boldmath invalid in math mode on input line 46.


LaTeX Font Warning: Command \mathversion invalid in math mode on input line 46.



LaTeX Font Warning: Command \boldmath invalid in math mode on input line 46.


LaTeX Font Warning: Command \mathversion invalid in math mode on input line 46.



LaTeX Font Warning: Command \boldmath invalid in math mode on input line 46.


LaTeX Font Warning: Command \mathversion invalid in math mode on input line 46.



LaTeX Font Warning: Command \boldmath invalid in math mode on input line 46.


LaTeX Font Warning: Command \mathversion invalid in math mode on input line 46.



LaTeX Font Warning: Command \boldmath invalid in math mode on input line 46.


LaTeX Font Warning: Command \mathversion invalid in math mode on input line 46.



LaTeX Font Warning: Command \boldmath invalid in math mode on input line 46.


LaTeX Font Warning: Command \mathversion invalid in math mode on input line 46.



LaTeX Font Warning: Command \boldmath invalid in math mode on input line 46.


LaTeX Font Warning: Command \mathversion invalid in math mode on input line 46.



LaTeX Font Warning: Command \boldmath invalid in math mode on input line 46.


LaTeX Font Warning: Command \mathversion invalid in math mode on input line 46.



LaTeX Font Warning: Command \boldmath invalid in math mode on input line 46.


LaTeX Font Warning: Command \mathversion invalid in math mode on input line 46.



LaTeX Font Warning: Command \boldmath invalid in math mode on input line 46.


LaTeX Font Warning: Command \mathversion invalid in math mode on input line 46.



LaTeX Font Warning: Command \boldmath invalid in math mode on input line 46.


LaTeX Font Warning: Command \mathversion invalid in math mode on input line 46.



LaTeX Font Warning: Command \boldmath invalid in math mode on input line 46.


LaTeX Font Warning: Command \mathversion invalid in math mode on input line 46.



LaTeX Font Warning: Command \boldmath invalid in math mode on input line 46.


LaTeX Font Warning: Command \mathversion invalid in math mode on input line 46.



LaTeX Font Warning: Command \boldmath invalid in math mode on input line 46.


LaTeX Font Warning: Command \mathversion invalid in math mode on input line 46.



LaTeX Font Warning: Command \boldmath invalid in math mode on input line 46.


LaTeX Font Warning: Command \mathversion invalid in math mode on input line 46.



LaTeX Font Warning: Command \boldmath invalid in math mode on input line 46.


LaTeX Font Warning: Command \mathversion invalid in math mode on input line 46.


[35pdfTeX warning (ext4): destination with the same identifier (name{table.5.1}
) has been already used, duplicate ignored
<argument> ...shipout:D \box_use:N \l_shipout_box 
                                                  
l.48 \end{equation}
                   ]
Package epstopdf Info: Source file: <figures/trackexample1.eps>
(epstopdf)                    date: 2021-09-04 15:16:06
(epstopdf)                    size: 1177841 bytes
(epstopdf)             Output file: <figures/trackexample1-eps-converted-to.pdf
>
(epstopdf)                    date: 2021-09-04 15:16:36
(epstopdf)                    size: 21208 bytes
(epstopdf)             Command: <epstopdf --outfile=figures/trackexample1-eps-c
onverted-to.pdf figures/trackexample1.eps>
(epstopdf)             \includegraphics on input line 58.
Package epstopdf Info: Output file is already uptodate.


pdfTeX warning: pdflatex.exe (file ./figures/trackexample1-eps-converted-to.pdf
): PDF inclusion: found PDF version <1.7>, but at most version <1.5> allowed
<figures/trackexample1-eps-converted-to.pdf, id=799, 1084.05pt x 578.16pt>
File: figures/trackexample1-eps-converted-to.pdf Graphic file (type pdf)
<use figures/trackexample1-eps-converted-to.pdf>
Package pdftex.def Info: figures/trackexample1-eps-converted-to.pdf  used on in
put line 58.
(pdftex.def)             Requested size: 418.25555pt x 223.06425pt.
Package epstopdf Info: Source file: <figures/trackexample2.eps>
(epstopdf)                    date: 2021-09-04 16:55:13
(epstopdf)                    size: 4080096 bytes
(epstopdf)             Output file: <figures/trackexample2-eps-converted-to.pdf
>
(epstopdf)                    date: 2021-09-04 17:13:51
(epstopdf)                    size: 50723 bytes
(epstopdf)             Command: <epstopdf --outfile=figures/trackexample2-eps-c
onverted-to.pdf figures/trackexample2.eps>
(epstopdf)             \includegraphics on input line 63.
Package epstopdf Info: Output file is already uptodate.


pdfTeX warning: pdflatex.exe (file ./figures/trackexample2-eps-converted-to.pdf
): PDF inclusion: found PDF version <1.7>, but at most version <1.5> allowed
<figures/trackexample2-eps-converted-to.pdf, id=800, 1084.05pt x 1084.05pt>
File: figures/trackexample2-eps-converted-to.pdf Graphic file (type pdf)
<use figures/trackexample2-eps-converted-to.pdf>
Package pdftex.def Info: figures/trackexample2-eps-converted-to.pdf  used on in
put line 63.
(pdftex.def)             Requested size: 418.25555pt x 418.2455pt.
Package epstopdf Info: Source file: <figures/trackexample2_2.eps>
(epstopdf)                    date: 2021-09-04 17:18:11
(epstopdf)                    size: 4084572 bytes
(epstopdf)             Output file: <figures/trackexample2_2-eps-converted-to.p
df>
(epstopdf)                    date: 2021-09-04 17:13:53
(epstopdf)                    size: 56500 bytes
(epstopdf)             Command: <epstopdf --outfile=figures/trackexample2_2-eps
-converted-to.pdf figures/trackexample2_2.eps>
(epstopdf)             \includegraphics on input line 68.
runsystem(epstopdf --outfile=figures/trackexample2_2-eps-converted-to.pdf figur
es/trackexample2_2.eps)...executed (allowed).

Package epstopdf Info: Result file: <figures/trackexample2_2-eps-converted-to.p
df>
(epstopdf)                    date: 2021-09-04 17:18:58
(epstopdf)                    size: 62987 bytes.


pdfTeX warning: pdflatex.exe (file ./figures/trackexample2_2-eps-converted-to.p
df): PDF inclusion: found PDF version <1.7>, but at most version <1.5> allowed
<figures/trackexample2_2-eps-converted-to.pdf, id=803, 1084.05pt x 1084.05pt>
File: figures/trackexample2_2-eps-converted-to.pdf Graphic file (type pdf)
<use figures/trackexample2_2-eps-converted-to.pdf>
Package pdftex.def Info: figures/trackexample2_2-eps-converted-to.pdf  used on 
input line 68.
(pdftex.def)             Requested size: 418.25555pt x 418.2455pt.
) (content/todo.tex [36] [37pdfTeX warning (ext4): destination with the same id
entifier (name{figure.5.11}) has been already used, duplicate ignored
<argument> ...shipout:D \box_use:N \l_shipout_box 
                                                  
l.2 \chapter
            {Evaluation} \label{ch:evaluation} <./figures/trackexample1-eps-con
verted-to.pdf>] [38pdfTeX warning (ext4): destination with the same identifier 
(name{figure.5.12}) has been already used, duplicate ignored
<argument> ...shipout:D \box_use:N \l_shipout_box 
                                                  
l.2 \chapter
            {Evaluation} \label{ch:evaluation} <./figures/trackexample2-eps-con
verted-to.pdf>] [39pdfTeX warning (ext4): destination with the same identifier 
(name{figure.5.13}) has been already used, duplicate ignored
<argument> ...shipout:D \box_use:N \l_shipout_box 
                                                  
l.2 \chapter
            {Evaluation} \label{ch:evaluation} <./figures/trackexample2_2-eps-c
onverted-to.pdf>]
chapter 6.
) [40


]
Package tocbasic Info: character protrusion at lof deactivated on input line 36
.
 (main.lof [41


])
\tf@lof=\write7
\openout7 = `main.lof'.

 [42]
Package tocbasic Info: character protrusion at lot deactivated on input line 37
.
 (main.lot)
\tf@lot=\write8
\openout8 = `main.lot'.

 [43


]
chapter without number
[44


]
Package microtype Info: Character `029' is missing
(microtype)             in font `T1/pplx/m/sc/10.95'.
(microtype)             Ignoring protrusion settings for this character.
LaTeX Font Info:    Trying to load font information for T1+cmtt on input line 3
8.
 ("E:\Program Files\MiKTeX\tex/latex/base\t1cmtt.fd"
File: t1cmtt.fd 2019/12/16 v2.5j Standard LaTeX font definitions
)
Package microtype Info: Loading generic protrusion settings for font family
(microtype)             `cmtt' (encoding: T1).
(microtype)             For optimal results, create family-specific settings.
(microtype)             See the microtype manual for details.
 [45] [46]
No complaints by nag.
[47] (main.aux)
Package rerunfilecheck Info: File `main.out' has not changed.
(rerunfilecheck)             Checksum: D41D8CD98F00B204E9800998ECF8427E;0.
Package logreq Info: Writing requests to 'main.run.xml'.
\openout1 = `main.run.xml'.

 ) 
Here is how much of TeX's memory you used:
 21263 strings out of 480236
 388177 string characters out of 2890345
 1117132 words of memory out of 3000000
 36879 multiletter control sequences out of 15000+200000
 596220 words of font info for 347 fonts, out of 3000000 for 9000
 1141 hyphenation exceptions out of 8191
 94i,16n,99p,10601b,2962s stack positions out of 5000i,500n,10000p,200000b,50000s
 <C:\Users\Administrator\AppData\Local\MiKTeX\fonts/pk/ljfour/jknappen/ec/dpi
600\ectt1095.pk>{E:/Program Files/MiKTeX/fonts/enc/dvips/base/8r.enc}<E:/Progra
m Files/MiKTeX/fonts/type1/public/amsfonts/cm/cmex10.pfb><E:/Program Files/MiKT
eX/fonts/type1/public/amsfonts/cm/cmmi10.pfb><E:/Program Files/MiKTeX/fonts/typ
e1/public/amsfonts/cm/cmr10.pfb><E:/Program Files/MiKTeX/fonts/type1/public/ams
fonts/cm/cmsy10.pfb><E:/Program Files/MiKTeX/fonts/type1/public/mathpazo/fplmr.
pfb><E:/Program Files/MiKTeX/fonts/type1/public/mathpazo/fplmri.pfb><E:/Program
 Files/MiKTeX/fonts/type1/public/fpl/fplrc8a.pfb><E:/Program Files/MiKTeX/fonts
/type1/urw/palatino/uplb8a.pfb><E:/Program Files/MiKTeX/fonts/type1/urw/palatin
o/uplr8a.pfb><E:/Program Files/MiKTeX/fonts/type1/urw/palatino/uplri8a.pfb>
Output written on main.pdf (54 pages, 2599523 bytes).
PDF statistics:
 1223 PDF objects out of 1440 (max. 8388607)
 175 named destinations out of 1000 (max. 500000)
 31633 words of extra memory for PDF output out of 35830 (max. 10000000)

